  [1m[35m (158.5ms)[0m  [1m[35mCREATE DATABASE "clickClips_development" ENCODING = 'unicode'[0m
  [1m[35m (79.7ms)[0m  [1m[35mCREATE DATABASE "clickClips_test" ENCODING = 'unicode'[0m
  [1m[35m (58.9ms)[0m  [1m[35mCREATE TABLE "schema_migrations" ("version" character varying NOT NULL PRIMARY KEY)[0m
  [1m[35m (5.4ms)[0m  [1m[35mCREATE TABLE "ar_internal_metadata" ("key" character varying NOT NULL PRIMARY KEY, "value" character varying, "created_at" timestamp(6) NOT NULL, "updated_at" timestamp(6) NOT NULL)[0m
  [1m[35m (1.4ms)[0m  [1m[34mSELECT pg_try_advisory_lock(1610698153614911025)[0m
  [1m[35m (0.8ms)[0m  [1m[34mSELECT "schema_migrations"."version" FROM "schema_migrations" ORDER BY "schema_migrations"."version" ASC[0m
Migrating to CreateUsers (20200826033705)
  [1m[35m (0.2ms)[0m  [1m[35mBEGIN[0m
  [1m[35m (11.3ms)[0m  [1m[35mCREATE TABLE "users" ("id" bigserial primary key, "name" character varying, "username" character varying, "password_digest" character varying, "created_at" timestamp(6) NOT NULL, "updated_at" timestamp(6) NOT NULL)[0m
  [1m[36mprimary::SchemaMigration Create (1.3ms)[0m  [1m[32mINSERT INTO "schema_migrations" ("version") VALUES ($1) RETURNING "version"[0m  [["version", "20200826033705"]]
  [1m[35m (0.7ms)[0m  [1m[35mCOMMIT[0m
Migrating to CreateAppointments (20200826033921)
  [1m[35m (0.4ms)[0m  [1m[35mBEGIN[0m
  [1m[35m (6.3ms)[0m  [1m[35mCREATE TABLE "appointments" ("id" bigserial primary key, "date" character varying, "time" time, "user_id" integer, "barber_id" integer, "created_at" timestamp(6) NOT NULL, "updated_at" timestamp(6) NOT NULL)[0m
  [1m[36mprimary::SchemaMigration Create (0.7ms)[0m  [1m[32mINSERT INTO "schema_migrations" ("version") VALUES ($1) RETURNING "version"[0m  [["version", "20200826033921"]]
  [1m[35m (1.8ms)[0m  [1m[35mCOMMIT[0m
Migrating to CreateBarbers (20200826035802)
  [1m[35m (0.5ms)[0m  [1m[35mBEGIN[0m
  [1m[35m (7.4ms)[0m  [1m[35mCREATE TABLE "barbers" ("id" bigserial primary key, "name" character varying, "longlitude" integer, "latitude" integer, "created_at" timestamp(6) NOT NULL, "updated_at" timestamp(6) NOT NULL)[0m
  [1m[36mprimary::SchemaMigration Create (0.4ms)[0m  [1m[32mINSERT INTO "schema_migrations" ("version") VALUES ($1) RETURNING "version"[0m  [["version", "20200826035802"]]
  [1m[35m (0.7ms)[0m  [1m[35mCOMMIT[0m
  [1m[36mActiveRecord::InternalMetadata Load (0.8ms)[0m  [1m[34mSELECT "ar_internal_metadata".* FROM "ar_internal_metadata" WHERE "ar_internal_metadata"."key" = $1 LIMIT $2[0m  [["key", "environment"], ["LIMIT", 1]]
  [1m[35m (0.2ms)[0m  [1m[35mBEGIN[0m
  [1m[36mActiveRecord::InternalMetadata Create (1.7ms)[0m  [1m[32mINSERT INTO "ar_internal_metadata" ("key", "value", "created_at", "updated_at") VALUES ($1, $2, $3, $4) RETURNING "key"[0m  [["key", "environment"], ["value", "development"], ["created_at", "2020-08-26 19:02:45.194715"], ["updated_at", "2020-08-26 19:02:45.194715"]]
  [1m[35m (0.5ms)[0m  [1m[35mCOMMIT[0m
  [1m[35m (0.8ms)[0m  [1m[34mSELECT pg_advisory_unlock(1610698153614911025)[0m
  [1m[35m (2.0ms)[0m  [1m[34mSELECT "schema_migrations"."version" FROM "schema_migrations" ORDER BY "schema_migrations"."version" ASC[0m
  [1m[35m (0.7ms)[0m  [1m[34mSELECT "schema_migrations"."version" FROM "schema_migrations" ORDER BY "schema_migrations"."version" ASC[0m
  [1m[35m (0.1ms)[0m  [1m[35mBEGIN[0m
  [1m[36mBarber Create (0.9ms)[0m  [1m[32mINSERT INTO "barbers" ("name", "longlitude", "latitude", "created_at", "updated_at") VALUES ($1, $2, $3, $4, $5) RETURNING "id"[0m  [["name", "Corrina Lowe"], ["longlitude", -73], ["latitude", 40], ["created_at", "2020-08-26 19:02:53.384372"], ["updated_at", "2020-08-26 19:02:53.384372"]]
  [1m[35m (0.5ms)[0m  [1m[35mCOMMIT[0m
  [1m[35m (0.1ms)[0m  [1m[35mBEGIN[0m
  [1m[36mBarber Create (0.3ms)[0m  [1m[32mINSERT INTO "barbers" ("name", "longlitude", "latitude", "created_at", "updated_at") VALUES ($1, $2, $3, $4, $5) RETURNING "id"[0m  [["name", "Demetrius Yost"], ["longlitude", -73], ["latitude", 40], ["created_at", "2020-08-26 19:02:53.388860"], ["updated_at", "2020-08-26 19:02:53.388860"]]
  [1m[35m (0.4ms)[0m  [1m[35mCOMMIT[0m
  [1m[35m (0.1ms)[0m  [1m[35mBEGIN[0m
  [1m[36mBarber Create (0.3ms)[0m  [1m[32mINSERT INTO "barbers" ("name", "longlitude", "latitude", "created_at", "updated_at") VALUES ($1, $2, $3, $4, $5) RETURNING "id"[0m  [["name", "Nidia Morissette"], ["longlitude", -73], ["latitude", 40], ["created_at", "2020-08-26 19:02:53.392140"], ["updated_at", "2020-08-26 19:02:53.392140"]]
  [1m[35m (0.4ms)[0m  [1m[35mCOMMIT[0m
  [1m[35m (0.1ms)[0m  [1m[35mBEGIN[0m
  [1m[36mBarber Create (0.3ms)[0m  [1m[32mINSERT INTO "barbers" ("name", "longlitude", "latitude", "created_at", "updated_at") VALUES ($1, $2, $3, $4, $5) RETURNING "id"[0m  [["name", "Miss Celina Beer"], ["longlitude", -73], ["latitude", 40], ["created_at", "2020-08-26 19:02:53.395201"], ["updated_at", "2020-08-26 19:02:53.395201"]]
  [1m[35m (0.3ms)[0m  [1m[35mCOMMIT[0m
  [1m[35m (0.2ms)[0m  [1m[35mBEGIN[0m
  [1m[36mBarber Create (0.5ms)[0m  [1m[32mINSERT INTO "barbers" ("name", "longlitude", "latitude", "created_at", "updated_at") VALUES ($1, $2, $3, $4, $5) RETURNING "id"[0m  [["name", "Carly Luettgen"], ["longlitude", -73], ["latitude", 40], ["created_at", "2020-08-26 19:02:53.398369"], ["updated_at", "2020-08-26 19:02:53.398369"]]
  [1m[35m (0.4ms)[0m  [1m[35mCOMMIT[0m
  [1m[35m (0.2ms)[0m  [1m[35mBEGIN[0m
  [1m[36mBarber Create (0.3ms)[0m  [1m[32mINSERT INTO "barbers" ("name", "longlitude", "latitude", "created_at", "updated_at") VALUES ($1, $2, $3, $4, $5) RETURNING "id"[0m  [["name", "Moses Carroll DO"], ["longlitude", -73], ["latitude", 40], ["created_at", "2020-08-26 19:02:53.402730"], ["updated_at", "2020-08-26 19:02:53.402730"]]
  [1m[35m (0.4ms)[0m  [1m[35mCOMMIT[0m
  [1m[35m (0.1ms)[0m  [1m[35mBEGIN[0m
  [1m[36mBarber Create (0.3ms)[0m  [1m[32mINSERT INTO "barbers" ("name", "longlitude", "latitude", "created_at", "updated_at") VALUES ($1, $2, $3, $4, $5) RETURNING "id"[0m  [["name", "Aaron Williamson"], ["longlitude", -73], ["latitude", 40], ["created_at", "2020-08-26 19:02:53.406372"], ["updated_at", "2020-08-26 19:02:53.406372"]]
  [1m[35m (0.4ms)[0m  [1m[35mCOMMIT[0m
Started GET "/" for ::1 at 2020-08-26 15:12:38 -0400
  [1m[35m (1.0ms)[0m  [1m[34mSELECT "schema_migrations"."version" FROM "schema_migrations" ORDER BY "schema_migrations"."version" ASC[0m
Processing by Rails::WelcomeController#index as HTML
  Rendering /Users/shadman/.rvm/gems/ruby-2.7.0/gems/railties-6.0.3.2/lib/rails/templates/rails/welcome/index.html.erb
  Rendered /Users/shadman/.rvm/gems/ruby-2.7.0/gems/railties-6.0.3.2/lib/rails/templates/rails/welcome/index.html.erb (Duration: 6.6ms | Allocations: 409)
Completed 200 OK in 18ms (Views: 12.9ms | ActiveRecord: 0.0ms | Allocations: 2255)


Started GET "/barbers" for ::1 at 2020-08-26 15:12:44 -0400
Processing by BarbersController#index as HTML
  [1m[36mBarber Load (3.9ms)[0m  [1m[34mSELECT "barbers".* FROM "barbers"[0m
  ↳ app/controllers/barbers_controller.rb:5:in `index'
Completed 200 OK in 35ms (Views: 10.3ms | ActiveRecord: 11.9ms | Allocations: 7076)


  [1m[35m (0.9ms)[0m  [1m[34mSELECT "schema_migrations"."version" FROM "schema_migrations" ORDER BY "schema_migrations"."version" ASC[0m
  [1m[35m (1.1ms)[0m  [1m[34mSELECT "ar_internal_metadata"."value" FROM "ar_internal_metadata" WHERE "ar_internal_metadata"."key" = $1[0m  [["key", "environment"]]
  [1m[35m (0.2ms)[0m  [1m[34mSELECT "schema_migrations"."version" FROM "schema_migrations" ORDER BY "schema_migrations"."version" ASC[0m
  [1m[35m (0.3ms)[0m  [1m[34mSELECT "ar_internal_metadata"."value" FROM "ar_internal_metadata" WHERE "ar_internal_metadata"."key" = $1[0m  [["key", "environment"]]
  [1m[35m (0.2ms)[0m  [1m[34mSELECT "schema_migrations"."version" FROM "schema_migrations" ORDER BY "schema_migrations"."version" ASC[0m
  [1m[35m (0.2ms)[0m  [1m[34mSELECT "ar_internal_metadata"."value" FROM "ar_internal_metadata" WHERE "ar_internal_metadata"."key" = $1[0m  [["key", "environment"]]
  [1m[35m (48.4ms)[0m  [1m[35mDROP DATABASE IF EXISTS "clickClips_development"[0m
  [1m[35m (38.4ms)[0m  [1m[35mDROP DATABASE IF EXISTS "clickClips_test"[0m
  [1m[35m (167.1ms)[0m  [1m[35mCREATE DATABASE "clickClips_development" ENCODING = 'unicode'[0m
  [1m[35m (64.0ms)[0m  [1m[35mCREATE DATABASE "clickClips_test" ENCODING = 'unicode'[0m
  [1m[35m (5.4ms)[0m  [1m[35mCREATE TABLE "schema_migrations" ("version" character varying NOT NULL PRIMARY KEY)[0m
  [1m[35m (3.4ms)[0m  [1m[35mCREATE TABLE "ar_internal_metadata" ("key" character varying NOT NULL PRIMARY KEY, "value" character varying, "created_at" timestamp(6) NOT NULL, "updated_at" timestamp(6) NOT NULL)[0m
  [1m[35m (0.3ms)[0m  [1m[34mSELECT pg_try_advisory_lock(1610698153614911025)[0m
  [1m[35m (0.5ms)[0m  [1m[34mSELECT "schema_migrations"."version" FROM "schema_migrations" ORDER BY "schema_migrations"."version" ASC[0m
Migrating to CreateUsers (20200826033705)
  [1m[35m (0.2ms)[0m  [1m[35mBEGIN[0m
  [1m[35m (5.6ms)[0m  [1m[35mCREATE TABLE "users" ("id" bigserial primary key, "name" character varying, "username" character varying, "password_digest" character varying, "created_at" timestamp(6) NOT NULL, "updated_at" timestamp(6) NOT NULL)[0m
  [1m[36mprimary::SchemaMigration Create (0.5ms)[0m  [1m[32mINSERT INTO "schema_migrations" ("version") VALUES ($1) RETURNING "version"[0m  [["version", "20200826033705"]]
  [1m[35m (0.5ms)[0m  [1m[35mCOMMIT[0m
Migrating to CreateAppointments (20200826033921)
  [1m[35m (0.4ms)[0m  [1m[35mBEGIN[0m
  [1m[35m (5.4ms)[0m  [1m[35mCREATE TABLE "appointments" ("id" bigserial primary key, "date" character varying, "time" time, "user_id" integer, "barber_id" integer, "created_at" timestamp(6) NOT NULL, "updated_at" timestamp(6) NOT NULL)[0m
  [1m[36mprimary::SchemaMigration Create (0.3ms)[0m  [1m[32mINSERT INTO "schema_migrations" ("version") VALUES ($1) RETURNING "version"[0m  [["version", "20200826033921"]]
  [1m[35m (0.6ms)[0m  [1m[35mCOMMIT[0m
Migrating to CreateBarbers (20200826035802)
  [1m[35m (0.4ms)[0m  [1m[35mBEGIN[0m
  [1m[35m (4.5ms)[0m  [1m[35mCREATE TABLE "barbers" ("id" bigserial primary key, "name" character varying, "longlitude" float, "latitude" float, "created_at" timestamp(6) NOT NULL, "updated_at" timestamp(6) NOT NULL)[0m
  [1m[36mprimary::SchemaMigration Create (0.4ms)[0m  [1m[32mINSERT INTO "schema_migrations" ("version") VALUES ($1) RETURNING "version"[0m  [["version", "20200826035802"]]
  [1m[35m (0.5ms)[0m  [1m[35mCOMMIT[0m
  [1m[36mActiveRecord::InternalMetadata Load (0.6ms)[0m  [1m[34mSELECT "ar_internal_metadata".* FROM "ar_internal_metadata" WHERE "ar_internal_metadata"."key" = $1 LIMIT $2[0m  [["key", "environment"], ["LIMIT", 1]]
  [1m[35m (0.4ms)[0m  [1m[35mBEGIN[0m
  [1m[36mActiveRecord::InternalMetadata Create (0.5ms)[0m  [1m[32mINSERT INTO "ar_internal_metadata" ("key", "value", "created_at", "updated_at") VALUES ($1, $2, $3, $4) RETURNING "key"[0m  [["key", "environment"], ["value", "development"], ["created_at", "2020-08-26 19:14:08.439388"], ["updated_at", "2020-08-26 19:14:08.439388"]]
  [1m[35m (0.3ms)[0m  [1m[35mCOMMIT[0m
  [1m[35m (0.3ms)[0m  [1m[34mSELECT pg_advisory_unlock(1610698153614911025)[0m
  [1m[35m (1.3ms)[0m  [1m[34mSELECT "schema_migrations"."version" FROM "schema_migrations" ORDER BY "schema_migrations"."version" ASC[0m
  [1m[35m (0.7ms)[0m  [1m[34mSELECT "schema_migrations"."version" FROM "schema_migrations" ORDER BY "schema_migrations"."version" ASC[0m
  [1m[35m (0.1ms)[0m  [1m[35mBEGIN[0m
  [1m[36mBarber Create (1.6ms)[0m  [1m[32mINSERT INTO "barbers" ("name", "longlitude", "latitude", "created_at", "updated_at") VALUES ($1, $2, $3, $4, $5) RETURNING "id"[0m  [["name", "Fr. Barrett Gusikowski"], ["longlitude", -73.92702], ["latitude", 40.737114], ["created_at", "2020-08-26 19:14:13.254801"], ["updated_at", "2020-08-26 19:14:13.254801"]]
  [1m[35m (0.4ms)[0m  [1m[35mCOMMIT[0m
  [1m[35m (0.2ms)[0m  [1m[35mBEGIN[0m
  [1m[36mBarber Create (0.3ms)[0m  [1m[32mINSERT INTO "barbers" ("name", "longlitude", "latitude", "created_at", "updated_at") VALUES ($1, $2, $3, $4, $5) RETURNING "id"[0m  [["name", "Gwenn Morar"], ["longlitude", -73.92302], ["latitude", 40.737114], ["created_at", "2020-08-26 19:14:13.260543"], ["updated_at", "2020-08-26 19:14:13.260543"]]
  [1m[35m (0.3ms)[0m  [1m[35mCOMMIT[0m
  [1m[35m (0.1ms)[0m  [1m[35mBEGIN[0m
  [1m[36mBarber Create (0.3ms)[0m  [1m[32mINSERT INTO "barbers" ("name", "longlitude", "latitude", "created_at", "updated_at") VALUES ($1, $2, $3, $4, $5) RETURNING "id"[0m  [["name", "Dr. Myung Kilback"], ["longlitude", -73.92402], ["latitude", 40.737114], ["created_at", "2020-08-26 19:14:13.264629"], ["updated_at", "2020-08-26 19:14:13.264629"]]
  [1m[35m (0.5ms)[0m  [1m[35mCOMMIT[0m
  [1m[35m (0.1ms)[0m  [1m[35mBEGIN[0m
  [1m[36mBarber Create (0.3ms)[0m  [1m[32mINSERT INTO "barbers" ("name", "longlitude", "latitude", "created_at", "updated_at") VALUES ($1, $2, $3, $4, $5) RETURNING "id"[0m  [["name", "Coletta Jacobson"], ["longlitude", -73.92502], ["latitude", 40.737134], ["created_at", "2020-08-26 19:14:13.268262"], ["updated_at", "2020-08-26 19:14:13.268262"]]
  [1m[35m (0.4ms)[0m  [1m[35mCOMMIT[0m
  [1m[35m (0.1ms)[0m  [1m[35mBEGIN[0m
  [1m[36mBarber Create (0.3ms)[0m  [1m[32mINSERT INTO "barbers" ("name", "longlitude", "latitude", "created_at", "updated_at") VALUES ($1, $2, $3, $4, $5) RETURNING "id"[0m  [["name", "Beatrice Bernhard"], ["longlitude", -73.92602], ["latitude", 40.737114], ["created_at", "2020-08-26 19:14:13.271734"], ["updated_at", "2020-08-26 19:14:13.271734"]]
  [1m[35m (0.3ms)[0m  [1m[35mCOMMIT[0m
  [1m[35m (0.1ms)[0m  [1m[35mBEGIN[0m
  [1m[36mBarber Create (0.3ms)[0m  [1m[32mINSERT INTO "barbers" ("name", "longlitude", "latitude", "created_at", "updated_at") VALUES ($1, $2, $3, $4, $5) RETURNING "id"[0m  [["name", "Blaine Muller"], ["longlitude", -73.92102], ["latitude", 40.737314], ["created_at", "2020-08-26 19:14:13.274930"], ["updated_at", "2020-08-26 19:14:13.274930"]]
  [1m[35m (0.5ms)[0m  [1m[35mCOMMIT[0m
  [1m[35m (0.1ms)[0m  [1m[35mBEGIN[0m
  [1m[36mBarber Create (0.3ms)[0m  [1m[32mINSERT INTO "barbers" ("name", "longlitude", "latitude", "created_at", "updated_at") VALUES ($1, $2, $3, $4, $5) RETURNING "id"[0m  [["name", "Sebrina Prohaska"], ["longlitude", -73.92602], ["latitude", 40.737114], ["created_at", "2020-08-26 19:14:13.278362"], ["updated_at", "2020-08-26 19:14:13.278362"]]
  [1m[35m (0.4ms)[0m  [1m[35mCOMMIT[0m
Started GET "/barbers" for ::1 at 2020-08-26 15:14:19 -0400
  [1m[35m (1.1ms)[0m  [1m[34mSELECT "schema_migrations"."version" FROM "schema_migrations" ORDER BY "schema_migrations"."version" ASC[0m
Processing by BarbersController#index as HTML
  [1m[36mBarber Load (1.6ms)[0m  [1m[34mSELECT "barbers".* FROM "barbers"[0m
  ↳ app/controllers/barbers_controller.rb:5:in `index'
Completed 200 OK in 20ms (Views: 10.8ms | ActiveRecord: 6.4ms | Allocations: 6858)


Started GET "/favicon.ico" for ::1 at 2020-08-26 15:14:20 -0400
  
ActionController::RoutingError (No route matches [GET] "/favicon.ico"):
  
actionpack (6.0.3.2) lib/action_dispatch/middleware/debug_exceptions.rb:36:in `call'
actionpack (6.0.3.2) lib/action_dispatch/middleware/show_exceptions.rb:33:in `call'
railties (6.0.3.2) lib/rails/rack/logger.rb:37:in `call_app'
railties (6.0.3.2) lib/rails/rack/logger.rb:26:in `block in call'
activesupport (6.0.3.2) lib/active_support/tagged_logging.rb:80:in `block in tagged'
activesupport (6.0.3.2) lib/active_support/tagged_logging.rb:28:in `tagged'
activesupport (6.0.3.2) lib/active_support/tagged_logging.rb:80:in `tagged'
railties (6.0.3.2) lib/rails/rack/logger.rb:26:in `call'
actionpack (6.0.3.2) lib/action_dispatch/middleware/remote_ip.rb:81:in `call'
actionpack (6.0.3.2) lib/action_dispatch/middleware/request_id.rb:27:in `call'
rack (2.2.3) lib/rack/runtime.rb:22:in `call'
activesupport (6.0.3.2) lib/active_support/cache/strategy/local_cache_middleware.rb:29:in `call'
actionpack (6.0.3.2) lib/action_dispatch/middleware/executor.rb:14:in `call'
actionpack (6.0.3.2) lib/action_dispatch/middleware/static.rb:126:in `call'
rack (2.2.3) lib/rack/sendfile.rb:110:in `call'
actionpack (6.0.3.2) lib/action_dispatch/middleware/host_authorization.rb:82:in `call'
rack-cors (1.1.1) lib/rack/cors.rb:100:in `call'
railties (6.0.3.2) lib/rails/engine.rb:527:in `call'
puma (4.3.5) lib/puma/configuration.rb:228:in `call'
puma (4.3.5) lib/puma/server.rb:713:in `handle_request'
puma (4.3.5) lib/puma/server.rb:472:in `process_client'
puma (4.3.5) lib/puma/server.rb:328:in `block in run'
puma (4.3.5) lib/puma/thread_pool.rb:134:in `block in spawn_thread'
